\BOOKMARK [1][-]{section.1}{1 はじめに}{}% 1
\BOOKMARK [2][-]{subsection.1.1}{1.1 研究背景}{section.1}% 2
\BOOKMARK [2][-]{subsection.1.2}{1.2 研究目的}{section.1}% 3
\BOOKMARK [2][-]{subsection.1.3}{1.3 本論文の構成}{section.1}% 4
\BOOKMARK [1][-]{section.2}{2 簡易3次元モデルの作成}{}% 5
\BOOKMARK [2][-]{subsection.2.1}{2.1 ワイヤーフレームモデルの生成}{section.2}% 6
\BOOKMARK [2][-]{subsection.2.2}{2.2 全方位画像からの透視投影画像生成}{section.2}% 7
\BOOKMARK [2][-]{subsection.2.3}{2.3 透視投影画像を用いたカメラ位置姿勢推定}{section.2}% 8
\BOOKMARK [2][-]{subsection.2.4}{2.4 テクスチャ取得}{section.2}% 9
\BOOKMARK [1][-]{section.3}{3 入力画像とテクスチャの特徴点マッチング}{}% 10
\BOOKMARK [2][-]{subsection.3.1}{3.1 特徴点検出}{section.3}% 11
\BOOKMARK [2][-]{subsection.3.2}{3.2 特徴点マッチング}{section.3}% 12
\BOOKMARK [2][-]{subsection.3.3}{3.3 誤マッチ除去}{section.3}% 13
\BOOKMARK [1][-]{section.4}{4 自己位置推定}{}% 14
\BOOKMARK [2][-]{subsection.4.1}{4.1 テクスチャ画像座標から世界座標への変換}{section.4}% 15
\BOOKMARK [2][-]{subsection.4.2}{4.2 自己位置推定アルゴリズム}{section.4}% 16
\BOOKMARK [1][-]{section.5}{5 実験}{}% 17
\BOOKMARK [2][-]{subsection.5.1}{5.1 特徴点の計測と全方位画像撮影}{section.5}% 18
\BOOKMARK [2][-]{subsection.5.2}{5.2 全方位カメラパラメータ推定結果}{section.5}% 19
\BOOKMARK [2][-]{subsection.5.3}{5.3 モデル生成結果}{section.5}% 20
\BOOKMARK [2][-]{subsection.5.4}{5.4 特徴点マッチング結果}{section.5}% 21
\BOOKMARK [2][-]{subsection.5.5}{5.5 自己位置推定結果}{section.5}% 22
\BOOKMARK [2][-]{subsection.5.6}{5.6 目的地までの矢印描画}{section.5}% 23
\BOOKMARK [1][-]{section.6}{6 自己位置推定結果を用いたAR道案内システム}{}% 24
\BOOKMARK [2][-]{subsection.6.1}{6.1 AR道案内システムの構成}{section.6}% 25
\BOOKMARK [3][-]{subsubsection.6.1.1}{6.1.1 目的地設定}{subsection.6.1}% 26
\BOOKMARK [3][-]{subsubsection.6.1.2}{6.1.2 端末とPC間の通信}{subsection.6.1}% 27
\BOOKMARK [3][-]{subsubsection.6.1.3}{6.1.3 センサによる自己位置の更新と補正}{subsection.6.1}% 28
\BOOKMARK [3][-]{subsubsection.6.1.4}{6.1.4 ARオブジェクト描画処理}{subsection.6.1}% 29
\BOOKMARK [2][-]{subsection.6.2}{6.2 動作結果と評価}{section.6}% 30
\BOOKMARK [1][-]{section.7}{7 まとめ}{}% 31
\BOOKMARK [2][-]{subsection.7.1}{7.1 本研究の成果}{section.7}% 32
\BOOKMARK [2][-]{subsection.7.2}{7.2 今後の展望}{section.7}% 33
