\BOOKMARK [0][-]{chapter.1}{\376\377\000第\0001\000章\000\040\000は\000じ\000め\000に}{}% 1
\BOOKMARK [1][-]{section.1.1}{\376\377\0001\000.\0001\000\040\000研\000究\000背\000景}{chapter.1}% 2
\BOOKMARK [1][-]{section.1.2}{\376\377\0001\000.\0002\000\040\000研\000究\000目\000的}{chapter.1}% 3
\BOOKMARK [1][-]{section.1.3}{\376\377\0001\000.\0003\000\040\000関\000連\000研\000究}{chapter.1}% 4
\BOOKMARK [2][-]{subsection.1.3.1}{\376\377\0001\000.\0003\000.\0001\000\040\000V\000i\000s\000u\000a\000l\000\040\000S\000L\000A\000M\000\040\000に\000よ\000る\000自\000己\000位\000置\000推\000定}{section.1.3}% 5
\BOOKMARK [2][-]{subsection.1.3.2}{\376\377\0001\000.\0003\000.\0002\000\040\000画\000像\000ベ\000ー\000ス\000の\000自\000己\000位\000置\000推\000定\000手\000法}{section.1.3}% 6
\BOOKMARK [2][-]{subsection.1.3.3}{\376\377\0001\000.\0003\000.\0003\000\040\000簡\000易\0003\000次\000元\000モ\000デ\000ル\000を\000用\000い\000た\000位\000置\000推\000定}{section.1.3}% 7
\BOOKMARK [1][-]{section.1.4}{\376\377\0001\000.\0004\000\040\000本\000論\000文\000の\000構\000成}{chapter.1}% 8
\BOOKMARK [0][-]{chapter.2}{\376\377\000第\0002\000章\000\040\000簡\000易\0003\000次\000元\000モ\000デ\000ル\000の\000生\000成}{}% 9
\BOOKMARK [1][-]{section.2.1}{\376\377\0002\000.\0001\000\040\000簡\000易\0003\000次\000元\000モ\000デ\000ル\000生\000成\000の\000方\000針}{chapter.2}% 10
\BOOKMARK [1][-]{section.2.2}{\376\377\0002\000.\0002\000\040\000座\000標\000系\000の\000定\000義}{chapter.2}% 11
\BOOKMARK [2][-]{subsection.2.2.1}{\376\377\0002\000.\0002\000.\0001\000\040\000カ\000メ\000ラ\000座\000標\000系}{section.2.2}% 12
\BOOKMARK [2][-]{subsection.2.2.2}{\376\377\0002\000.\0002\000.\0002\000\040\000画\000像\000座\000標\000系}{section.2.2}% 13
\BOOKMARK [2][-]{subsection.2.2.3}{\376\377\0002\000.\0002\000.\0003\000\040\000カ\000メ\000ラ\000内\000部\000パ\000ラ\000メ\000ー\000タ\000の\000設\000定}{section.2.2}% 14
\BOOKMARK [1][-]{section.2.3}{\376\377\0002\000.\0003\000\040\000ワ\000イ\000ヤ\000ー\000フ\000レ\000ー\000ム\000生\000成\000の\000方\000針}{chapter.2}% 15
\BOOKMARK [2][-]{subsection.2.3.1}{\376\377\0002\000.\0003\000.\0001\000\040\000ワ\000イ\000ヤ\000ー\000フ\000レ\000ー\000ム\000生\000成\000の\000前\000提\000条\000件}{section.2.3}% 16
\BOOKMARK [1][-]{section.2.4}{\376\377\0002\000.\0004\000\040\0002\000次\000元\000マ\000ッ\000プ\000と\0003\000次\000元\000空\000間\000の\000対\000応\000付\000け}{chapter.2}% 17
\BOOKMARK [2][-]{subsection.2.4.1}{\376\377\0002\000.\0004\000.\0001\000\040\000ア\000フ\000ィ\000ン\000変\000換\000に\000よ\000る\000写\000像}{section.2.4}% 18
\BOOKMARK [2][-]{subsection.2.4.2}{\376\377\0002\000.\0004\000.\0002\000\040\000非\000線\000形\000な\000歪\000み\000へ\000の\000対\000応}{section.2.4}% 19
\BOOKMARK [2][-]{subsection.2.4.3}{\376\377\0002\000.\0004\000.\0003\000\040\000床\000境\000界\000の\000整\000合\000性\000確\000認\000と\000補\000正}{section.2.4}% 20
\BOOKMARK [1][-]{section.2.5}{\376\377\0002\000.\0005\000\040\000床\000境\000界\000に\000お\000け\000る\000カ\000メ\000ラ\000位\000置\000に\000基\000づ\000く\000サ\000ン\000プ\000リ\000ン\000グ}{chapter.2}% 21
\BOOKMARK [1][-]{section.2.6}{\376\377\0002\000.\0006\000\040\000床\000面\000お\000よ\000び\000壁\000面\000の\000幾\000何\000構\000造}{chapter.2}% 22
\BOOKMARK [2][-]{subsection.2.6.1}{\376\377\0002\000.\0006\000.\0001\000\040\000床\000面\000の\000メ\000ッ\000シ\000ュ\000化}{section.2.6}% 23
\BOOKMARK [2][-]{subsection.2.6.2}{\376\377\0002\000.\0006\000.\0002\000\040\000壁\000面\000の\000構\000成}{section.2.6}% 24
\BOOKMARK [1][-]{section.2.7}{\376\377\0002\000.\0007\000\040\000全\000方\000位\000画\000像\000を\000用\000い\000た\000テ\000ク\000ス\000チ\000ャ\000取\000得\000の\000方\000針}{chapter.2}% 25
\BOOKMARK [1][-]{section.2.8}{\376\377\0002\000.\0008\000\040\000透\000視\000投\000影\000画\000像\000変\000換}{chapter.2}% 26
\BOOKMARK [1][-]{section.2.9}{\376\377\0002\000.\0009\000\040\000透\000視\000投\000影\000カ\000メ\000ラ\000に\000よ\000る\000全\000方\000位\000カ\000メ\000ラ\000位\000置\000姿\000勢\000推\000定}{chapter.2}% 27
\BOOKMARK [1][-]{section.2.10}{\376\377\0002\000.\0001\0000\000\040\000メ\000ッ\000シ\000ュ\000の\000座\000標\000系\000変\000換\000と\000投\000影}{chapter.2}% 28
\BOOKMARK [2][-]{subsection.2.10.1}{\376\377\0002\000.\0001\0000\000.\0001\000\040\000テ\000ク\000ス\000チ\000ャ\000候\000補\000の\000評\000価}{section.2.10}% 29
\BOOKMARK [2][-]{subsection.2.10.2}{\376\377\0002\000.\0001\0000\000.\0002\000\040\000テ\000ク\000ス\000チ\000ャ\000の\000射\000影\000変\000換}{section.2.10}% 30
\BOOKMARK [1][-]{section.2.11}{\376\377\0002\000.\0001\0001\000\040\000テ\000ク\000ス\000チ\000ャ\000の\000視\000覚\000的\000品\000質\000の\000改\000善}{chapter.2}% 31
\BOOKMARK [0][-]{chapter.3}{\376\377\000第\0003\000章\000\040\000入\000力\000画\000像\000と\000テ\000ク\000ス\000チ\000ャ\000の\000特\000徴\000点\000マ\000ッ\000チ\000ン\000グ}{}% 32
\BOOKMARK [1][-]{section.3.1}{\376\377\0003\000.\0001\000\040\000特\000徴\000点\000検\000出\000お\000よ\000び\000マ\000ッ\000チ\000ン\000グ\000の\000概\000要}{chapter.3}% 33
\BOOKMARK [1][-]{section.3.2}{\376\377\0003\000.\0002\000\040\000従\000来\000手\000法\000に\000よ\000る\000特\000徴\000点\000マ\000ッ\000チ\000ン\000グ}{chapter.3}% 34
\BOOKMARK [2][-]{subsection.3.2.1}{\376\377\0003\000.\0002\000.\0001\000\040\000特\000徴\000点\000検\000出}{section.3.2}% 35
\BOOKMARK [2][-]{subsection.3.2.2}{\376\377\0003\000.\0002\000.\0002\000\040\000特\000徴\000点\000マ\000ッ\000チ\000ン\000グ}{section.3.2}% 36
\BOOKMARK [2][-]{subsection.3.2.3}{\376\377\0003\000.\0002\000.\0003\000\040\000マ\000ッ\000チ\000ン\000グ\000の\000精\000度\000向\000上}{section.3.2}% 37
\BOOKMARK [1][-]{section.3.3}{\376\377\0003\000.\0003\000\040\000学\000習\000ベ\000ー\000ス\000手\000法\000に\000よ\000る\000特\000徴\000点\000マ\000ッ\000チ\000ン\000グ}{chapter.3}% 38
\BOOKMARK [2][-]{subsection.3.3.1}{\376\377\0003\000.\0003\000.\0001\000\040\000特\000徴\000点\000検\000出}{section.3.3}% 39
\BOOKMARK [2][-]{subsection.3.3.2}{\376\377\0003\000.\0003\000.\0002\000\040\000特\000徴\000点\000マ\000ッ\000チ\000ン\000グ}{section.3.3}% 40
\BOOKMARK [2][-]{subsection.3.3.3}{\376\377\0003\000.\0003\000.\0003\000\040\000マ\000ッ\000チ\000ン\000グ\000の\000精\000度\000向\000上}{section.3.3}% 41
\BOOKMARK [0][-]{chapter.4}{\376\377\000第\0004\000章\000\040\000特\000徴\000点\000マ\000ッ\000チ\000ン\000グ\000に\000基\000づ\000く\000自\000己\000位\000置\000推\000定}{}% 42
\BOOKMARK [1][-]{section.4.1}{\376\377\0004\000.\0001\000\040\000テ\000ク\000ス\000チ\000ャ\000画\000像\000座\000標\000か\000ら\000世\000界\000座\000標\000へ\000の\000変\000換}{chapter.4}% 43
\BOOKMARK [2][-]{subsection.4.1.1}{\376\377\0004\000.\0001\000.\0001\000\040\0002\000次\000元\000座\000標\000か\000ら\0003\000次\000元\000座\000標\000へ\000の\000変\000換}{section.4.1}% 44
\BOOKMARK [1][-]{section.4.2}{\376\377\0004\000.\0002\000\040\000自\000己\000位\000置\000推\000定}{chapter.4}% 45
\BOOKMARK [0][-]{chapter.5}{\376\377\000第\0005\000章\000\040\000自\000己\000位\000置\000推\000定\000結\000果\000を\000用\000い\000た\000屋\000内\000ナ\000ビ\000ゲ\000ー\000シ\000ョ\000ン}{}% 46
\BOOKMARK [1][-]{section.5.1}{\376\377\0005\000.\0001\000\040\000屋\000内\000ナ\000ビ\000ゲ\000ー\000シ\000ョ\000ン\000の\000方\000針}{chapter.5}% 47
\BOOKMARK [2][-]{subsection.5.1.1}{\376\377\0005\000.\0001\000.\0001\000\040\000簡\000易\000モ\000デ\000ル\000に\000よ\000る\000自\000己\000位\000置\000推\000定\000の\000課\000題}{section.5.1}% 48
\BOOKMARK [2][-]{subsection.5.1.2}{\376\377\0005\000.\0001\000.\0002\000\040\000提\000案\000手\000法\000に\000基\000づ\000く\000屋\000内\000ナ\000ビ\000ゲ\000ー\000シ\000ョ\000ン\000の\000基\000本\000方\000針}{section.5.1}% 49
\BOOKMARK [2][-]{subsection.5.1.3}{\376\377\0005\000.\0001\000.\0003\000\040\000\050\000V\000i\000s\000u\000a\000l\000-\000I\000n\000e\000r\000t\000i\000a\000l\000\040\000O\000d\000o\000m\000e\000t\000o\000r\000y\000\051\000に\000よ\000る\000自\000己\000位\000置\000推\000定}{section.5.1}% 50
\BOOKMARK [1][-]{section.5.2}{\376\377\0005\000.\0002\000\040\000自\000己\000位\000置\000推\000定\000手\000法\000の\000使\000い\000分\000け\000と\000比\000較\000方\000針}{chapter.5}% 51
\BOOKMARK [1][-]{section.5.3}{\376\377\0005\000.\0003\000\040\000屋\000内\000ナ\000ビ\000ゲ\000ー\000シ\000ョ\000ン\000シ\000ス\000テ\000ム\000の\000構\000成}{chapter.5}% 52
\BOOKMARK [2][-]{subsection.5.3.1}{\376\377\0005\000.\0003\000.\0001\000\040\000目\000的\000地\000設\000定}{section.5.3}% 53
\BOOKMARK [2][-]{subsection.5.3.2}{\376\377\0005\000.\0003\000.\0002\000\040\000カ\000メ\000ラ\000画\000像\000取\000得\000お\000よ\000び\000端\000末\000と\000P\000C\000間\000の\000通\000信}{section.5.3}% 54
\BOOKMARK [2][-]{subsection.5.3.3}{\376\377\0005\000.\0003\000.\0003\000\040\000自\000己\000位\000置\000推\000定\000結\000果\000の\000受\000信\000お\000よ\000び\000座\000標\000系\000の\000更\000新}{section.5.3}% 55
\BOOKMARK [2][-]{subsection.5.3.4}{\376\377\0005\000.\0003\000.\0004\000\040\000変\000換\000行\000列\000の\000計\000算}{section.5.3}% 56
\BOOKMARK [2][-]{subsection.5.3.5}{\376\377\0005\000.\0003\000.\0005\000\040\000目\000的\000地\000お\000よ\000び\000進\000行\000方\000向\000オ\000ブ\000ジ\000ェ\000ク\000ト\000の\000描\000画}{section.5.3}% 57
\BOOKMARK [0][-]{chapter.6}{\376\377\000第\0006\000章\000\040\000実\000験}{}% 58
\BOOKMARK [1][-]{section.6.1}{\376\377\0006\000.\0001\000\040\000実\000験\000準\000備}{chapter.6}% 59
\BOOKMARK [1][-]{section.6.2}{\376\377\0006\000.\0002\000\040\000簡\000易\000モ\000デ\000ル\000生\000成}{chapter.6}% 60
\BOOKMARK [2][-]{subsection.6.2.1}{\376\377\0006\000.\0002\000.\0001\000\040\000デ\000ー\000タ\000セ\000ッ\000ト\000お\000よ\000び\000パ\000ラ\000メ\000ー\000タ\000設\000定}{section.6.2}% 61
\BOOKMARK [2][-]{subsection.6.2.2}{\376\377\0006\000.\0002\000.\0002\000\040\000ワ\000イ\000ヤ\000ー\000フ\000レ\000ー\000ム\000生\000成\000結\000果}{section.6.2}% 62
\BOOKMARK [2][-]{subsection.6.2.3}{\376\377\0006\000.\0002\000.\0003\000\040\000テ\000ク\000ス\000チ\000ャ\000割\000り\000当\000て\000結\000果}{section.6.2}% 63
\BOOKMARK [1][-]{section.6.3}{\376\377\0006\000.\0003\000\040\000特\000徴\000点\000マ\000ッ\000チ\000ン\000グ\000手\000法\000の\000比\000較\000実\000験}{chapter.6}% 64
\BOOKMARK [2][-]{subsection.6.3.1}{\376\377\0006\000.\0003\000.\0001\000\040\000実\000験\000条\000件}{section.6.3}% 65
\BOOKMARK [2][-]{subsection.6.3.2}{\376\377\0006\000.\0003\000.\0002\000\040\000実\000験\000結\000果}{section.6.3}% 66
\BOOKMARK [1][-]{section.6.4}{\376\377\0006\000.\0004\000\040\000特\000徴\000点\000マ\000ッ\000チ\000ン\000グ\000に\000基\000づ\000く\000自\000己\000位\000置\000推\000定\000結\000果\000の\000評\000価}{chapter.6}% 67
\BOOKMARK [1][-]{section.6.5}{\376\377\0006\000.\0005\000\040\000屋\000内\000ナ\000ビ\000ゲ\000ー\000シ\000ョ\000ン\000に\000お\000け\000る\000自\000己\000位\000置\000推\000定\000結\000果\000の\000比\000較}{chapter.6}% 68
\BOOKMARK [2][-]{subsection.6.5.1}{\376\377\0006\000.\0005\000.\0001\000\040\000実\000験\000条\000件}{section.6.5}% 69
\BOOKMARK [2][-]{subsection.6.5.2}{\376\377\0006\000.\0005\000.\0002\000\040\000実\000験\000結\000果}{section.6.5}% 70
\BOOKMARK [0][-]{chapter.7}{\376\377\000第\0007\000章\000\040\000ま\000と\000め}{}% 71
\BOOKMARK [1][-]{section.7.1}{\376\377\0007\000.\0001\000\040\000本\000研\000究\000の\000成\000果}{chapter.7}% 72
\BOOKMARK [1][-]{section.7.2}{\376\377\0007\000.\0002\000\040\000今\000後\000の\000展\000望}{chapter.7}% 73
