\BOOKMARK [1][-]{section.1}{\376\377\0001\000\040\000は\000じ\000め\000に}{}% 1
\BOOKMARK [2][-]{subsection.1.1}{\376\377\0001\000.\0001\000\040\000研\000究\000背\000景}{section.1}% 2
\BOOKMARK [2][-]{subsection.1.2}{\376\377\0001\000.\0002\000\040\000研\000究\000目\000的}{section.1}% 3
\BOOKMARK [2][-]{subsection.1.3}{\376\377\0001\000.\0003\000\040\000本\000論\000文\000の\000構\000成}{section.1}% 4
\BOOKMARK [1][-]{section.2}{\376\377\0002\000\040\000簡\000易\0003\000次\000元\000モ\000デ\000ル\000の\000作\000成}{}% 5
\BOOKMARK [2][-]{subsection.2.1}{\376\377\0002\000.\0001\000\040\000ワ\000イ\000ヤ\000ー\000フ\000レ\000ー\000ム\000モ\000デ\000ル\000の\000生\000成}{section.2}% 6
\BOOKMARK [2][-]{subsection.2.2}{\376\377\0002\000.\0002\000\040\000全\000方\000位\000画\000像\000か\000ら\000の\000透\000視\000投\000影\000画\000像\000生\000成}{section.2}% 7
\BOOKMARK [2][-]{subsection.2.3}{\376\377\0002\000.\0003\000\040\000透\000視\000投\000影\000画\000像\000を\000用\000い\000た\000カ\000メ\000ラ\000位\000置\000姿\000勢\000推\000定}{section.2}% 8
\BOOKMARK [2][-]{subsection.2.4}{\376\377\0002\000.\0004\000\040\000テ\000ク\000ス\000チ\000ャ\000取\000得}{section.2}% 9
\BOOKMARK [1][-]{section.3}{\376\377\0003\000\040\000入\000力\000画\000像\000と\000テ\000ク\000ス\000チ\000ャ\000の\000特\000徴\000点\000マ\000ッ\000チ\000ン\000グ}{}% 10
\BOOKMARK [2][-]{subsection.3.1}{\376\377\0003\000.\0001\000\040\000特\000徴\000点\000検\000出}{section.3}% 11
\BOOKMARK [2][-]{subsection.3.2}{\376\377\0003\000.\0002\000\040\000特\000徴\000点\000マ\000ッ\000チ\000ン\000グ}{section.3}% 12
\BOOKMARK [2][-]{subsection.3.3}{\376\377\0003\000.\0003\000\040\000誤\000マ\000ッ\000チ\000除\000去}{section.3}% 13
\BOOKMARK [1][-]{section.4}{\376\377\0004\000\040\000自\000己\000位\000置\000推\000定}{}% 14
\BOOKMARK [2][-]{subsection.4.1}{\376\377\0004\000.\0001\000\040\000テ\000ク\000ス\000チ\000ャ\000画\000像\000座\000標\000か\000ら\000世\000界\000座\000標\000へ\000の\000変\000換}{section.4}% 15
\BOOKMARK [2][-]{subsection.4.2}{\376\377\0004\000.\0002\000\040\000自\000己\000位\000置\000推\000定\000ア\000ル\000ゴ\000リ\000ズ\000ム}{section.4}% 16
\BOOKMARK [1][-]{section.5}{\376\377\0005\000\040\000実\000験}{}% 17
\BOOKMARK [2][-]{subsection.5.1}{\376\377\0005\000.\0001\000\040\000特\000徴\000点\000の\000計\000測\000と\000全\000方\000位\000画\000像\000撮\000影}{section.5}% 18
\BOOKMARK [2][-]{subsection.5.2}{\376\377\0005\000.\0002\000\040\000全\000方\000位\000カ\000メ\000ラ\000パ\000ラ\000メ\000ー\000タ\000推\000定\000結\000果}{section.5}% 19
\BOOKMARK [2][-]{subsection.5.3}{\376\377\0005\000.\0003\000\040\000モ\000デ\000ル\000生\000成\000結\000果}{section.5}% 20
\BOOKMARK [2][-]{subsection.5.4}{\376\377\0005\000.\0004\000\040\000特\000徴\000点\000マ\000ッ\000チ\000ン\000グ\000結\000果}{section.5}% 21
\BOOKMARK [2][-]{subsection.5.5}{\376\377\0005\000.\0005\000\040\000自\000己\000位\000置\000推\000定\000結\000果}{section.5}% 22
\BOOKMARK [2][-]{subsection.5.6}{\376\377\0005\000.\0006\000\040\000目\000的\000地\000ま\000で\000の\000矢\000印\000描\000画}{section.5}% 23
\BOOKMARK [1][-]{section.6}{\376\377\0006\000\040\000自\000己\000位\000置\000推\000定\000結\000果\000を\000用\000い\000た\000A\000R\000道\000案\000内\000シ\000ス\000テ\000ム}{}% 24
\BOOKMARK [2][-]{subsection.6.1}{\376\377\0006\000.\0001\000\040\000A\000R\000道\000案\000内\000シ\000ス\000テ\000ム\000の\000構\000成}{section.6}% 25
\BOOKMARK [3][-]{subsubsection.6.1.1}{\376\377\0006\000.\0001\000.\0001\000\040\000目\000的\000地\000設\000定}{subsection.6.1}% 26
\BOOKMARK [3][-]{subsubsection.6.1.2}{\376\377\0006\000.\0001\000.\0002\000\040\000端\000末\000と\000P\000C\000間\000の\000通\000信}{subsection.6.1}% 27
\BOOKMARK [3][-]{subsubsection.6.1.3}{\376\377\0006\000.\0001\000.\0003\000\040\000セ\000ン\000サ\000に\000よ\000る\000自\000己\000位\000置\000の\000更\000新\000と\000補\000正}{subsection.6.1}% 28
\BOOKMARK [3][-]{subsubsection.6.1.4}{\376\377\0006\000.\0001\000.\0004\000\040\000A\000R\000オ\000ブ\000ジ\000ェ\000ク\000ト\000描\000画\000処\000理}{subsection.6.1}% 29
\BOOKMARK [2][-]{subsection.6.2}{\376\377\0006\000.\0002\000\040\000動\000作\000結\000果\000と\000評\000価}{section.6}% 30
\BOOKMARK [1][-]{section.7}{\376\377\0007\000\040\000ま\000と\000め}{}% 31
\BOOKMARK [2][-]{subsection.7.1}{\376\377\0007\000.\0001\000\040\000本\000研\000究\000の\000成\000果}{section.7}% 32
\BOOKMARK [2][-]{subsection.7.2}{\376\377\0007\000.\0002\000\040\000今\000後\000の\000展\000望}{section.7}% 33
